{
  "RSpec": {
    "coverage": {
      "/Users/matt/2turing/1intermission_work/relational_rails/app/models/mtgset.rb": {
        "lines": [
          1,
          1,
          null
        ]
      },
      "/Users/matt/2turing/1intermission_work/relational_rails/app/models/application_record.rb": {
        "lines": [
          1,
          1,
          null
        ]
      },
      "/Users/matt/2turing/1intermission_work/relational_rails/app/models/card.rb": {
        "lines": [
          1,
          1,
          null
        ]
      },
      "/Users/matt/2turing/1intermission_work/relational_rails/app/controllers/mtgset_cards_controller.rb": {
        "lines": [
          1,
          1,
          1,
          1,
          null,
          null,
          null
        ]
      },
      "/Users/matt/2turing/1intermission_work/relational_rails/app/controllers/application_controller.rb": {
        "lines": [
          1,
          null
        ]
      }
    },
    "timestamp": 1689112928
  }
}
