{
  "RSpec": {
    "coverage": {
      "/Users/matt/2turing/1intermission_work/relational_rails/spec/features/cards/show_spec.rb": {
        "lines": [
          1,
          null,
          1,
          1,
          0,
          0,
          0,
          0,
          0,
          null,
          null,
          null,
          null,
          null,
          1,
          1,
          1,
          null,
          null,
          0,
          null,
          0,
          0,
          0,
          0,
          0,
          0,
          null,
          0,
          null,
          null,
          null,
          null
        ]
      },
      "/Users/matt/2turing/1intermission_work/relational_rails/spec/features/form_behavior/form_function_spec.rb": {
        "lines": [
          1,
          null,
          1,
          1,
          0,
          0,
          0,
          0,
          0,
          null,
          null,
          null,
          null,
          null,
          1,
          1,
          1,
          null,
          0,
          null,
          0,
          null,
          null,
          null,
          null,
          1,
          1,
          null,
          0,
          0,
          null,
          0,
          null,
          null,
          null,
          1,
          1,
          1,
          1,
          null,
          0,
          null,
          0,
          0,
          0,
          null,
          0,
          0,
          null,
          null,
          null,
          null,
          null,
          null,
          null,
          1,
          1,
          1,
          null,
          0,
          null,
          0,
          null,
          null,
          null,
          null,
          1,
          1,
          0,
          null,
          0,
          null,
          0,
          0,
          null,
          null,
          null,
          1,
          1,
          1,
          1,
          null,
          0,
          null,
          0,
          0,
          null,
          0,
          null,
          0,
          0,
          0,
          null,
          null,
          null,
          null,
          null,
          null,
          null,
          null,
          1,
          1,
          1,
          0,
          null,
          0,
          null,
          null,
          null,
          null,
          1,
          1,
          0,
          null,
          0,
          null,
          0,
          0,
          null,
          null,
          null,
          1,
          1,
          1,
          1,
          null,
          null,
          null,
          null,
          null,
          null,
          null,
          null,
          null,
          null,
          null,
          null,
          null,
          null,
          null,
          null,
          null,
          null,
          null,
          null,
          null,
          null,
          null,
          null,
          null,
          null,
          null,
          null,
          null,
          null,
          null,
          null,
          null,
          null,
          null,
          null,
          null,
          null,
          null,
          null,
          null,
          null,
          null,
          null,
          null,
          null,
          null,
          null,
          null,
          null,
          null,
          null,
          null,
          null,
          null,
          null,
          null,
          null,
          null,
          null,
          null,
          null,
          null,
          null,
          null,
          null,
          null,
          null,
          null,
          null,
          null,
          null,
          null,
          null,
          null,
          null,
          null,
          null,
          null,
          null,
          null
        ]
      },
      "/Users/matt/2turing/1intermission_work/relational_rails/spec/features/mtgset_cards/index_spec.rb": {
        "lines": [
          1,
          null,
          1,
          1,
          0,
          0,
          0,
          0,
          0,
          null,
          null,
          null,
          null,
          null,
          1,
          1,
          1,
          null,
          null,
          0,
          null,
          null,
          0,
          null,
          0,
          0,
          0,
          0,
          0,
          0,
          0,
          null,
          null,
          0,
          null,
          null,
          null,
          null,
          null
        ]
      },
      "/Users/matt/2turing/1intermission_work/relational_rails/spec/features/navigation/link_presence_spec.rb": {
        "lines": [
          1,
          null,
          1,
          1,
          0,
          0,
          0,
          0,
          0,
          null,
          null,
          null,
          null,
          1,
          1,
          1,
          null,
          0,
          0,
          null,
          0,
          0,
          null,
          0,
          0,
          null,
          0,
          0,
          null,
          0,
          0,
          null,
          null,
          null,
          null,
          null,
          null,
          1,
          1,
          1,
          null,
          0,
          0,
          null,
          0,
          0,
          null,
          0,
          0,
          null,
          0,
          0,
          null,
          0,
          0,
          null,
          null,
          null,
          null,
          null,
          null,
          1,
          1,
          1,
          null,
          0,
          null,
          0,
          null,
          null,
          null,
          null
        ]
      },
      "/Users/matt/2turing/1intermission_work/relational_rails/spec/features/sets/index_spec.rb": {
        "lines": [
          null,
          null,
          null,
          null,
          null,
          null,
          null,
          null,
          null,
          null,
          null,
          null,
          null,
          null,
          null,
          null,
          null,
          null,
          null,
          null,
          null,
          null,
          null,
          null,
          null,
          null,
          null,
          null
        ]
      },
      "/Users/matt/2turing/1intermission_work/relational_rails/spec/features/sets/show_spec.rb": {
        "lines": [
          1,
          null,
          1,
          1,
          0,
          0,
          0,
          null,
          null,
          null,
          null,
          1,
          1,
          1,
          null,
          0,
          null,
          0,
          0,
          0,
          null,
          0,
          null,
          null,
          null,
          null
        ]
      }
    },
    "timestamp": 1689181984
  }
}
